<?xml version="1.0" encoding="UTF-8"?>
<testng-results skipped="0" failed="0" ignored="0" total="2" passed="2">
  <reporter-output>
  </reporter-output>
  <suite name="Default suite" duration-ms="8029" started-at="2018-06-27T04:21:36Z" finished-at="2018-06-27T04:21:44Z">
    <groups>
    </groups>
    <test name="Default test" duration-ms="8029" started-at="2018-06-27T04:21:36Z" finished-at="2018-06-27T04:21:44Z">
      <class name="testNgdemo.TatocTest">
        <test-method status="PASS" signature="launchBrowser()[pri:0, instance:testNgdemo.TatocTest@18be83e4]" name="launchBrowser" is-config="true" duration-ms="5423" started-at="2018-06-27T04:21:36Z" finished-at="2018-06-27T04:21:42Z">
          <reporter-output>
          </reporter-output>
        </test-method> <!-- launchBrowser -->
        <test-method status="PASS" signature="gridGateRed()[pri:0, instance:testNgdemo.TatocTest@18be83e4]" name="gridGateRed" duration-ms="158" started-at="2018-06-27T04:21:42Z" finished-at="2018-06-27T04:21:42Z">
          <reporter-output>
          </reporter-output>
        </test-method> <!-- gridGateRed -->
        <test-method status="PASS" signature="gridGateGreen()[pri:1, instance:testNgdemo.TatocTest@18be83e4]" name="gridGateGreen" duration-ms="339" started-at="2018-06-27T04:21:42Z" finished-at="2018-06-27T04:21:42Z">
          <reporter-output>
          </reporter-output>
        </test-method> <!-- gridGateGreen -->
        <test-method status="PASS" signature="closeBrowser()[pri:0, instance:testNgdemo.TatocTest@18be83e4]" name="closeBrowser" is-config="true" duration-ms="2091" started-at="2018-06-27T04:21:42Z" finished-at="2018-06-27T04:21:44Z">
          <reporter-output>
          </reporter-output>
        </test-method> <!-- closeBrowser -->
      </class> <!-- testNgdemo.TatocTest -->
    </test> <!-- Default test -->
  </suite> <!-- Default suite -->
</testng-results>
